{"C:\\git\\injectme\\jasmine-runner.js":{"path":"C:\\git\\injectme\\jasmine-runner.js","s":{"1":1,"2":1,"3":1,"4":1,"5":1,"6":1,"7":1,"8":1},"b":{},"f":{"1":13},"fnMap":{"1":{"name":"(anonymous_1)","line":3,"loc":{"start":{"line":3,"column":11},"end":{"line":3,"column":22}}}},"statementMap":{"1":{"start":{"line":1,"column":0},"end":{"line":1,"column":33}},"2":{"start":{"line":2,"column":0},"end":{"line":2,"column":52}},"3":{"start":{"line":3,"column":0},"end":{"line":3,"column":25}},"4":{"start":{"line":5,"column":0},"end":{"line":5,"column":28}},"5":{"start":{"line":6,"column":0},"end":{"line":6,"column":48}},"6":{"start":{"line":7,"column":0},"end":{"line":7,"column":49}},"7":{"start":{"line":8,"column":0},"end":{"line":8,"column":25}},"8":{"start":{"line":9,"column":0},"end":{"line":9,"column":18}}},"branchMap":{}},"C:\\git\\injectme\\spec\\injectMeSpec.js":{"path":"C:\\git\\injectme\\spec\\injectMeSpec.js","s":{"1":1,"2":1,"3":1,"4":1,"5":1,"6":4,"7":4,"8":4,"9":4,"10":4,"11":4,"12":4,"13":1,"14":4,"15":1,"16":1,"17":1,"18":1,"19":1,"20":1,"21":1,"22":1,"23":1,"24":1,"25":1,"26":1,"27":1,"28":1,"29":1,"30":1,"31":1,"32":1,"33":1,"34":1,"35":1,"36":1,"37":1,"38":1,"39":1,"40":1,"41":1,"42":1,"43":1},"b":{},"f":{"1":1,"2":4,"3":4,"4":1,"5":1,"6":1,"7":1},"fnMap":{"1":{"name":"(anonymous_1)","line":5,"loc":{"start":{"line":5,"column":27},"end":{"line":5,"column":38}}},"2":{"name":"clearHtml","line":6,"loc":{"start":{"line":6,"column":4},"end":{"line":6,"column":25}}},"3":{"name":"(anonymous_3)","line":20,"loc":{"start":{"line":20,"column":14},"end":{"line":20,"column":25}}},"4":{"name":"(anonymous_4)","line":24,"loc":{"start":{"line":24,"column":38},"end":{"line":24,"column":49}}},"5":{"name":"(anonymous_5)","line":28,"loc":{"start":{"line":28,"column":38},"end":{"line":28,"column":49}}},"6":{"name":"(anonymous_6)","line":41,"loc":{"start":{"line":41,"column":37},"end":{"line":41,"column":48}}},"7":{"name":"(anonymous_7)","line":54,"loc":{"start":{"line":54,"column":45},"end":{"line":54,"column":56}}}},"statementMap":{"1":{"start":{"line":1,"column":0},"end":{"line":1,"column":41}},"2":{"start":{"line":2,"column":0},"end":{"line":2,"column":23}},"3":{"start":{"line":3,"column":0},"end":{"line":3,"column":25}},"4":{"start":{"line":5,"column":0},"end":{"line":72,"column":3}},"5":{"start":{"line":6,"column":4},"end":{"line":19,"column":5}},"6":{"start":{"line":7,"column":8},"end":{"line":7,"column":46}},"7":{"start":{"line":8,"column":8},"end":{"line":8,"column":57}},"8":{"start":{"line":10,"column":8},"end":{"line":10,"column":80}},"9":{"start":{"line":12,"column":8},"end":{"line":12,"column":78}},"10":{"start":{"line":14,"column":8},"end":{"line":14,"column":71}},"11":{"start":{"line":16,"column":8},"end":{"line":16,"column":71}},"12":{"start":{"line":18,"column":8},"end":{"line":18,"column":53}},"13":{"start":{"line":20,"column":4},"end":{"line":22,"column":7}},"14":{"start":{"line":21,"column":8},"end":{"line":21,"column":20}},"15":{"start":{"line":24,"column":4},"end":{"line":26,"column":7}},"16":{"start":{"line":25,"column":8},"end":{"line":25,"column":39}},"17":{"start":{"line":28,"column":4},"end":{"line":39,"column":7}},"18":{"start":{"line":29,"column":8},"end":{"line":30,"column":25}},"19":{"start":{"line":32,"column":8},"end":{"line":32,"column":49}},"20":{"start":{"line":33,"column":8},"end":{"line":33,"column":50}},"21":{"start":{"line":34,"column":8},"end":{"line":34,"column":26}},"22":{"start":{"line":36,"column":8},"end":{"line":36,"column":65}},"23":{"start":{"line":37,"column":8},"end":{"line":37,"column":70}},"24":{"start":{"line":38,"column":8},"end":{"line":38,"column":34}},"25":{"start":{"line":41,"column":4},"end":{"line":52,"column":7}},"26":{"start":{"line":42,"column":8},"end":{"line":43,"column":25}},"27":{"start":{"line":45,"column":8},"end":{"line":45,"column":46}},"28":{"start":{"line":46,"column":8},"end":{"line":46,"column":50}},"29":{"start":{"line":47,"column":8},"end":{"line":47,"column":26}},"30":{"start":{"line":49,"column":8},"end":{"line":49,"column":65}},"31":{"start":{"line":50,"column":8},"end":{"line":50,"column":72}},"32":{"start":{"line":51,"column":8},"end":{"line":51,"column":34}},"33":{"start":{"line":54,"column":4},"end":{"line":70,"column":7}},"34":{"start":{"line":55,"column":8},"end":{"line":57,"column":25}},"35":{"start":{"line":59,"column":8},"end":{"line":59,"column":49}},"36":{"start":{"line":60,"column":8},"end":{"line":60,"column":46}},"37":{"start":{"line":61,"column":8},"end":{"line":61,"column":50}},"38":{"start":{"line":62,"column":8},"end":{"line":62,"column":26}},"39":{"start":{"line":64,"column":8},"end":{"line":64,"column":65}},"40":{"start":{"line":65,"column":8},"end":{"line":65,"column":88}},"41":{"start":{"line":66,"column":8},"end":{"line":66,"column":100}},"42":{"start":{"line":68,"column":8},"end":{"line":68,"column":37}},"43":{"start":{"line":69,"column":8},"end":{"line":69,"column":36}}},"branchMap":{}},"C:\\git\\injectme\\injectme.js":{"path":"C:\\git\\injectme\\injectme.js","s":{"1":1,"2":1,"3":1,"4":3,"5":3,"6":3,"7":3,"8":3,"9":3,"10":0,"11":1,"12":9,"13":9,"14":7,"15":9,"16":1,"17":2,"18":2,"19":1,"20":3,"21":2,"22":2,"23":3,"24":1,"25":3,"26":2,"27":3,"28":1,"29":3,"30":1},"b":{"1":[7,2],"2":[2,1],"3":[2,1]},"f":{"1":3,"2":9,"3":2,"4":3,"5":3,"6":3},"fnMap":{"1":{"name":"(anonymous_1)","line":7,"loc":{"start":{"line":7,"column":15},"end":{"line":7,"column":33}}},"2":{"name":"getContentFromFile","line":24,"loc":{"start":{"line":24,"column":4},"end":{"line":24,"column":42}}},"3":{"name":"removeSpaces","line":32,"loc":{"start":{"line":32,"column":4},"end":{"line":32,"column":35}}},"4":{"name":"injectContentCss","line":37,"loc":{"start":{"line":37,"column":4},"end":{"line":37,"column":53}}},"5":{"name":"injectContentJs","line":47,"loc":{"start":{"line":47,"column":4},"end":{"line":47,"column":52}}},"6":{"name":"saveIndexFile","line":54,"loc":{"start":{"line":54,"column":4},"end":{"line":54,"column":47}}}},"statementMap":{"1":{"start":{"line":1,"column":0},"end":{"line":1,"column":12}},"2":{"start":{"line":5,"column":0},"end":{"line":5,"column":23}},"3":{"start":{"line":7,"column":0},"end":{"line":57,"column":1}},"4":{"start":{"line":8,"column":4},"end":{"line":22,"column":5}},"5":{"start":{"line":9,"column":8},"end":{"line":11,"column":65}},"6":{"start":{"line":14,"column":8},"end":{"line":14,"column":66}},"7":{"start":{"line":15,"column":8},"end":{"line":15,"column":64}},"8":{"start":{"line":16,"column":8},"end":{"line":16,"column":45}},"9":{"start":{"line":18,"column":8},"end":{"line":18,"column":55}},"10":{"start":{"line":21,"column":8},"end":{"line":21,"column":48}},"11":{"start":{"line":24,"column":4},"end":{"line":30,"column":5}},"12":{"start":{"line":25,"column":8},"end":{"line":25,"column":25}},"13":{"start":{"line":26,"column":8},"end":{"line":28,"column":9}},"14":{"start":{"line":27,"column":12},"end":{"line":27,"column":56}},"15":{"start":{"line":29,"column":8},"end":{"line":29,"column":23}},"16":{"start":{"line":32,"column":4},"end":{"line":35,"column":5}},"17":{"start":{"line":33,"column":8},"end":{"line":33,"column":46}},"18":{"start":{"line":34,"column":8},"end":{"line":34,"column":23}},"19":{"start":{"line":37,"column":4},"end":{"line":45,"column":5}},"20":{"start":{"line":39,"column":8},"end":{"line":42,"column":9}},"21":{"start":{"line":40,"column":12},"end":{"line":40,"column":44}},"22":{"start":{"line":41,"column":12},"end":{"line":41,"column":111}},"23":{"start":{"line":44,"column":8},"end":{"line":44,"column":28}},"24":{"start":{"line":47,"column":4},"end":{"line":52,"column":5}},"25":{"start":{"line":48,"column":8},"end":{"line":50,"column":9}},"26":{"start":{"line":49,"column":12},"end":{"line":49,"column":113}},"27":{"start":{"line":51,"column":8},"end":{"line":51,"column":28}},"28":{"start":{"line":54,"column":4},"end":{"line":56,"column":5}},"29":{"start":{"line":55,"column":8},"end":{"line":55,"column":53}},"30":{"start":{"line":59,"column":0},"end":{"line":59,"column":25}}},"branchMap":{"1":{"line":26,"type":"if","locations":[{"start":{"line":26,"column":8},"end":{"line":26,"column":8}},{"start":{"line":26,"column":8},"end":{"line":26,"column":8}}]},"2":{"line":39,"type":"if","locations":[{"start":{"line":39,"column":8},"end":{"line":39,"column":8}},{"start":{"line":39,"column":8},"end":{"line":39,"column":8}}]},"3":{"line":48,"type":"if","locations":[{"start":{"line":48,"column":8},"end":{"line":48,"column":8}},{"start":{"line":48,"column":8},"end":{"line":48,"column":8}}]}}}}