{"C:\\git\\injectme\\jasmine-runner.js":{"path":"C:\\git\\injectme\\jasmine-runner.js","s":{"1":1,"2":1,"3":1,"4":1,"5":1,"6":1,"7":1,"8":1},"b":{},"f":{"1":14},"fnMap":{"1":{"name":"(anonymous_1)","line":3,"loc":{"start":{"line":3,"column":11},"end":{"line":3,"column":22}}}},"statementMap":{"1":{"start":{"line":1,"column":0},"end":{"line":1,"column":33}},"2":{"start":{"line":2,"column":0},"end":{"line":2,"column":52}},"3":{"start":{"line":3,"column":0},"end":{"line":3,"column":25}},"4":{"start":{"line":5,"column":0},"end":{"line":5,"column":28}},"5":{"start":{"line":6,"column":0},"end":{"line":6,"column":48}},"6":{"start":{"line":7,"column":0},"end":{"line":7,"column":49}},"7":{"start":{"line":8,"column":0},"end":{"line":8,"column":25}},"8":{"start":{"line":9,"column":0},"end":{"line":9,"column":18}}},"branchMap":{}},"C:\\git\\injectme\\spec\\injectMeSpec.js":{"path":"C:\\git\\injectme\\spec\\injectMeSpec.js","s":{"1":1,"2":1,"3":1,"4":1,"5":1,"6":1,"7":1,"8":1,"9":1,"10":1,"11":1,"12":1,"13":1,"14":1,"15":1,"16":1,"17":1,"18":1,"19":1,"20":1,"21":1,"22":1,"23":1,"24":1,"25":1,"26":1,"27":1,"28":1,"29":1,"30":1,"31":1,"32":1,"33":1},"b":{},"f":{"1":1,"2":1,"3":1,"4":1,"5":1,"6":1,"7":1},"fnMap":{"1":{"name":"(anonymous_1)","line":5,"loc":{"start":{"line":5,"column":27},"end":{"line":5,"column":38}}},"2":{"name":"(anonymous_2)","line":7,"loc":{"start":{"line":7,"column":38},"end":{"line":7,"column":49}}},"3":{"name":"(anonymous_3)","line":11,"loc":{"start":{"line":11,"column":38},"end":{"line":11,"column":49}}},"4":{"name":"(anonymous_4)","line":24,"loc":{"start":{"line":24,"column":37},"end":{"line":24,"column":48}}},"5":{"name":"(anonymous_5)","line":37,"loc":{"start":{"line":37,"column":33},"end":{"line":37,"column":44}}},"6":{"name":"(anonymous_6)","line":38,"loc":{"start":{"line":38,"column":15},"end":{"line":38,"column":26}}},"7":{"name":"(anonymous_7)","line":47,"loc":{"start":{"line":47,"column":45},"end":{"line":47,"column":56}}}},"statementMap":{"1":{"start":{"line":1,"column":0},"end":{"line":1,"column":41}},"2":{"start":{"line":2,"column":0},"end":{"line":2,"column":23}},"3":{"start":{"line":3,"column":0},"end":{"line":3,"column":25}},"4":{"start":{"line":5,"column":0},"end":{"line":62,"column":3}},"5":{"start":{"line":7,"column":4},"end":{"line":9,"column":7}},"6":{"start":{"line":8,"column":8},"end":{"line":8,"column":39}},"7":{"start":{"line":11,"column":4},"end":{"line":22,"column":7}},"8":{"start":{"line":12,"column":8},"end":{"line":13,"column":25}},"9":{"start":{"line":15,"column":8},"end":{"line":15,"column":49}},"10":{"start":{"line":16,"column":8},"end":{"line":16,"column":50}},"11":{"start":{"line":18,"column":8},"end":{"line":18,"column":45}},"12":{"start":{"line":19,"column":8},"end":{"line":19,"column":69}},"13":{"start":{"line":21,"column":8},"end":{"line":21,"column":47}},"14":{"start":{"line":24,"column":4},"end":{"line":35,"column":7}},"15":{"start":{"line":25,"column":8},"end":{"line":26,"column":25}},"16":{"start":{"line":28,"column":8},"end":{"line":28,"column":46}},"17":{"start":{"line":29,"column":8},"end":{"line":29,"column":50}},"18":{"start":{"line":31,"column":8},"end":{"line":31,"column":45}},"19":{"start":{"line":32,"column":8},"end":{"line":32,"column":69}},"20":{"start":{"line":34,"column":8},"end":{"line":34,"column":47}},"21":{"start":{"line":37,"column":4},"end":{"line":45,"column":7}},"22":{"start":{"line":38,"column":8},"end":{"line":44,"column":21}},"23":{"start":{"line":39,"column":12},"end":{"line":39,"column":31}},"24":{"start":{"line":40,"column":12},"end":{"line":40,"column":29}},"25":{"start":{"line":42,"column":12},"end":{"line":42,"column":30}},"26":{"start":{"line":47,"column":4},"end":{"line":60,"column":7}},"27":{"start":{"line":48,"column":8},"end":{"line":50,"column":25}},"28":{"start":{"line":52,"column":8},"end":{"line":52,"column":49}},"29":{"start":{"line":53,"column":8},"end":{"line":53,"column":46}},"30":{"start":{"line":54,"column":8},"end":{"line":54,"column":50}},"31":{"start":{"line":56,"column":8},"end":{"line":56,"column":45}},"32":{"start":{"line":57,"column":8},"end":{"line":57,"column":69}},"33":{"start":{"line":59,"column":8},"end":{"line":59,"column":47}}},"branchMap":{}},"C:\\git\\injectme\\injectme.js":{"path":"C:\\git\\injectme\\injectme.js","s":{"1":1,"2":1,"3":1,"4":1,"5":4,"6":4,"7":4,"8":4,"9":4,"10":3,"11":1,"12":1,"13":12,"14":12,"15":7,"16":12,"17":1,"18":4,"19":4,"20":1,"21":4,"22":4,"23":2,"24":2,"25":4,"26":1,"27":4,"28":4,"29":2,"30":2,"31":4,"32":1,"33":4,"34":1},"b":{"1":[7,5],"2":[2,2],"3":[2,2]},"f":{"1":4,"2":12,"3":4,"4":4,"5":4,"6":4},"fnMap":{"1":{"name":"(anonymous_1)","line":5,"loc":{"start":{"line":5,"column":15},"end":{"line":5,"column":33}}},"2":{"name":"getContentFromFile","line":22,"loc":{"start":{"line":22,"column":4},"end":{"line":22,"column":42}}},"3":{"name":"cleanDuplicated","line":30,"loc":{"start":{"line":30,"column":4},"end":{"line":30,"column":45}}},"4":{"name":"injectContentCss","line":35,"loc":{"start":{"line":35,"column":4},"end":{"line":35,"column":53}}},"5":{"name":"injectContentJs","line":44,"loc":{"start":{"line":44,"column":4},"end":{"line":44,"column":52}}},"6":{"name":"saveIndexFile","line":54,"loc":{"start":{"line":54,"column":4},"end":{"line":54,"column":47}}}},"statementMap":{"1":{"start":{"line":1,"column":0},"end":{"line":1,"column":12}},"2":{"start":{"line":3,"column":0},"end":{"line":3,"column":23}},"3":{"start":{"line":4,"column":0},"end":{"line":4,"column":39}},"4":{"start":{"line":5,"column":0},"end":{"line":57,"column":1}},"5":{"start":{"line":6,"column":4},"end":{"line":20,"column":5}},"6":{"start":{"line":7,"column":8},"end":{"line":9,"column":65}},"7":{"start":{"line":11,"column":8},"end":{"line":11,"column":66}},"8":{"start":{"line":12,"column":8},"end":{"line":12,"column":64}},"9":{"start":{"line":14,"column":8},"end":{"line":14,"column":55}},"10":{"start":{"line":16,"column":8},"end":{"line":16,"column":28}},"11":{"start":{"line":19,"column":8},"end":{"line":19,"column":48}},"12":{"start":{"line":22,"column":4},"end":{"line":28,"column":5}},"13":{"start":{"line":23,"column":8},"end":{"line":23,"column":25}},"14":{"start":{"line":24,"column":8},"end":{"line":26,"column":9}},"15":{"start":{"line":25,"column":12},"end":{"line":25,"column":56}},"16":{"start":{"line":27,"column":8},"end":{"line":27,"column":23}},"17":{"start":{"line":30,"column":4},"end":{"line":33,"column":5}},"18":{"start":{"line":31,"column":8},"end":{"line":31,"column":55}},"19":{"start":{"line":32,"column":8},"end":{"line":32,"column":29}},"20":{"start":{"line":35,"column":4},"end":{"line":42,"column":5}},"21":{"start":{"line":36,"column":8},"end":{"line":36,"column":59}},"22":{"start":{"line":37,"column":8},"end":{"line":40,"column":9}},"23":{"start":{"line":38,"column":12},"end":{"line":38,"column":70}},"24":{"start":{"line":39,"column":12},"end":{"line":39,"column":90}},"25":{"start":{"line":41,"column":8},"end":{"line":41,"column":28}},"26":{"start":{"line":44,"column":4},"end":{"line":52,"column":5}},"27":{"start":{"line":45,"column":8},"end":{"line":45,"column":62}},"28":{"start":{"line":47,"column":8},"end":{"line":50,"column":9}},"29":{"start":{"line":48,"column":12},"end":{"line":48,"column":71}},"30":{"start":{"line":49,"column":12},"end":{"line":49,"column":91}},"31":{"start":{"line":51,"column":8},"end":{"line":51,"column":28}},"32":{"start":{"line":54,"column":4},"end":{"line":56,"column":5}},"33":{"start":{"line":55,"column":8},"end":{"line":55,"column":53}},"34":{"start":{"line":59,"column":0},"end":{"line":59,"column":25}}},"branchMap":{"1":{"line":24,"type":"if","locations":[{"start":{"line":24,"column":8},"end":{"line":24,"column":8}},{"start":{"line":24,"column":8},"end":{"line":24,"column":8}}]},"2":{"line":37,"type":"if","locations":[{"start":{"line":37,"column":8},"end":{"line":37,"column":8}},{"start":{"line":37,"column":8},"end":{"line":37,"column":8}}]},"3":{"line":47,"type":"if","locations":[{"start":{"line":47,"column":8},"end":{"line":47,"column":8}},{"start":{"line":47,"column":8},"end":{"line":47,"column":8}}]}}}}