TN:
SF:C:\git\injectme\jasmine-runner.js
FN:3,(anonymous_1)
FNF:1
FNH:1
FNDA:14,(anonymous_1)
DA:1,1
DA:2,1
DA:3,1
DA:5,1
DA:6,1
DA:7,1
DA:8,1
DA:9,1
LF:8
LH:8
BRF:0
BRH:0
end_of_record
TN:
SF:C:\git\injectme\spec\injectMeSpec.js
FN:5,(anonymous_1)
FN:7,(anonymous_2)
FN:11,(anonymous_3)
FN:24,(anonymous_4)
FN:37,(anonymous_5)
FN:38,(anonymous_6)
FN:47,(anonymous_7)
FNF:7
FNH:7
FNDA:1,(anonymous_1)
FNDA:1,(anonymous_2)
FNDA:1,(anonymous_3)
FNDA:1,(anonymous_4)
FNDA:1,(anonymous_5)
FNDA:1,(anonymous_6)
FNDA:1,(anonymous_7)
DA:1,1
DA:2,1
DA:3,1
DA:5,1
DA:7,1
DA:8,1
DA:11,1
DA:12,1
DA:15,1
DA:16,1
DA:18,1
DA:19,1
DA:21,1
DA:24,1
DA:25,1
DA:28,1
DA:29,1
DA:31,1
DA:32,1
DA:34,1
DA:37,1
DA:38,1
DA:39,1
DA:40,1
DA:42,1
DA:47,1
DA:48,1
DA:52,1
DA:53,1
DA:54,1
DA:56,1
DA:57,1
DA:59,1
LF:33
LH:33
BRF:0
BRH:0
end_of_record
TN:
SF:C:\git\injectme\injectme.js
FN:5,(anonymous_1)
FN:22,getContentFromFile
FN:30,cleanDuplicated
FN:35,injectContentCss
FN:44,injectContentJs
FN:54,saveIndexFile
FNF:6
FNH:6
FNDA:4,(anonymous_1)
FNDA:12,getContentFromFile
FNDA:4,cleanDuplicated
FNDA:4,injectContentCss
FNDA:4,injectContentJs
FNDA:4,saveIndexFile
DA:1,1
DA:3,1
DA:4,1
DA:5,1
DA:6,4
DA:7,4
DA:11,4
DA:12,4
DA:14,4
DA:16,3
DA:19,1
DA:22,1
DA:23,12
DA:24,12
DA:25,7
DA:27,12
DA:30,1
DA:31,4
DA:32,4
DA:35,1
DA:36,4
DA:37,4
DA:38,2
DA:39,2
DA:41,4
DA:44,1
DA:45,4
DA:47,4
DA:48,2
DA:49,2
DA:51,4
DA:54,1
DA:55,4
DA:59,1
LF:34
LH:34
BRDA:24,1,0,7
BRDA:24,1,1,5
BRDA:37,2,0,2
BRDA:37,2,1,2
BRDA:47,3,0,2
BRDA:47,3,1,2
BRF:6
BRH:6
end_of_record
