TN:
SF:C:\git\injectme\jasmine-runner.js
FN:3,(anonymous_1)
FNF:1
FNH:1
FNDA:13,(anonymous_1)
DA:1,1
DA:2,1
DA:3,1
DA:5,1
DA:6,1
DA:7,1
DA:8,1
DA:9,1
LF:8
LH:8
BRF:0
BRH:0
end_of_record
TN:
SF:C:\git\injectme\spec\injectMeSpec.js
FN:5,(anonymous_1)
FN:6,clearHtml
FN:20,(anonymous_3)
FN:24,(anonymous_4)
FN:28,(anonymous_5)
FN:41,(anonymous_6)
FN:54,(anonymous_7)
FNF:7
FNH:7
FNDA:1,(anonymous_1)
FNDA:4,clearHtml
FNDA:4,(anonymous_3)
FNDA:1,(anonymous_4)
FNDA:1,(anonymous_5)
FNDA:1,(anonymous_6)
FNDA:1,(anonymous_7)
DA:1,1
DA:2,1
DA:3,1
DA:5,1
DA:6,1
DA:7,4
DA:8,4
DA:10,4
DA:12,4
DA:14,4
DA:16,4
DA:18,4
DA:20,1
DA:21,4
DA:24,1
DA:25,1
DA:28,1
DA:29,1
DA:32,1
DA:33,1
DA:34,1
DA:36,1
DA:37,1
DA:38,1
DA:41,1
DA:42,1
DA:45,1
DA:46,1
DA:47,1
DA:49,1
DA:50,1
DA:51,1
DA:54,1
DA:55,1
DA:59,1
DA:60,1
DA:61,1
DA:62,1
DA:64,1
DA:65,1
DA:66,1
DA:68,1
DA:69,1
LF:43
LH:43
BRF:0
BRH:0
end_of_record
TN:
SF:C:\git\injectme\injectme.js
FN:7,(anonymous_1)
FN:24,getContentFromFile
FN:32,removeSpaces
FN:37,injectContentCss
FN:47,injectContentJs
FN:54,saveIndexFile
FNF:6
FNH:6
FNDA:3,(anonymous_1)
FNDA:9,getContentFromFile
FNDA:2,removeSpaces
FNDA:3,injectContentCss
FNDA:3,injectContentJs
FNDA:3,saveIndexFile
DA:1,1
DA:5,1
DA:7,1
DA:8,3
DA:9,3
DA:14,3
DA:15,3
DA:16,3
DA:18,3
DA:21,0
DA:24,1
DA:25,9
DA:26,9
DA:27,7
DA:29,9
DA:32,1
DA:33,2
DA:34,2
DA:37,1
DA:39,3
DA:40,2
DA:41,2
DA:44,3
DA:47,1
DA:48,3
DA:49,2
DA:51,3
DA:54,1
DA:55,3
DA:59,1
LF:30
LH:29
BRDA:26,1,0,7
BRDA:26,1,1,2
BRDA:39,2,0,2
BRDA:39,2,1,1
BRDA:48,3,0,2
BRDA:48,3,1,1
BRF:6
BRH:6
end_of_record
